<?xml version="1.0" encoding="UTF-8"?>
<testng-results skipped="0" failed="0" total="1" passed="1">
  <reporter-output>
  </reporter-output>
  <suite name="Automation Suite" duration-ms="25829" started-at="2019-04-16T23:13:01Z" finished-at="2019-04-16T23:13:27Z">
    <groups>
    </groups>
    <test name="AMAZON Search" duration-ms="25829" started-at="2019-04-16T23:13:01Z" finished-at="2019-04-16T23:13:27Z">
      <class name="com.web.amazon.TestScripts.AmazonSearch">
        <test-method status="PASS" signature="lanuchUrl()[pri:0, instance:com.web.amazon.TestScripts.AmazonSearch@22fcf7ab]" name="lanuchUrl" is-config="true" duration-ms="6462" started-at="2019-04-17T01:13:01Z" finished-at="2019-04-17T01:13:08Z">
          <reporter-output>
          </reporter-output>
        </test-method> <!-- lanuchUrl -->
        <test-method status="PASS" signature="amazonsearch()[pri:0, instance:com.web.amazon.TestScripts.AmazonSearch@22fcf7ab]" name="amazonsearch" duration-ms="17211" started-at="2019-04-17T01:13:08Z" finished-at="2019-04-17T01:13:25Z">
          <reporter-output>
          </reporter-output>
        </test-method> <!-- amazonsearch -->
        <test-method status="PASS" signature="closeBrowser()[pri:0, instance:com.web.amazon.TestScripts.AmazonSearch@22fcf7ab]" name="closeBrowser" is-config="true" duration-ms="2143" started-at="2019-04-17T01:13:25Z" finished-at="2019-04-17T01:13:27Z">
          <reporter-output>
          </reporter-output>
        </test-method> <!-- closeBrowser -->
      </class> <!-- com.web.amazon.TestScripts.AmazonSearch -->
    </test> <!-- AMAZON Search -->
  </suite> <!-- Automation Suite -->
</testng-results>
